# JRE version: OpenJDK Runtime Environment Temurin-17.0.11+9 (17.0.11+9) (build 17.0.11+9)
# Java VM: OpenJDK 64-Bit Server VM Temurin-17.0.11+9 (17.0.11+9, mixed mode, sharing, tiered, compressed oops, compressed class ptrs, g1 gc, windows-amd64)
GC Precious Log:
 CPUs: 4 total, 4 available
 Memory: 8055M
 Large Page Support: Disabled
 NUMA Support: Disabled
 Compressed Oops: Enabled (32-bit)
 Heap Region Size: 1M
 Heap Min Capacity: 8M
 Heap Initial Capacity: 126M
 Heap Max Capacity: 2014M
 Pre-touch: Disabled
 Parallel Workers: 4
 Concurrent Workers: 1
 Concurrent Refinement Workers: 4
 Periodic GC: Disabled
Heap:
 garbage-first heap   total 54272K, used 26411K [0x0000000082200000, 0x0000000100000000)
  region size 1024K, 2 young (2048K), 1 survivors (1024K)
 Metaspace       used 54626K, committed 55232K, reserved 1114112K
  class space    used 6671K, committed 6976K, reserved 1048576K
GC Heap History (20 events):
Event: 58943.733 GC heap before
{Heap before GC invocations=92 (full 0):
 garbage-first heap   total 54272K, used 45846K [0x0000000082200000, 0x0000000100000000)
  region size 1024K, 20 young (20480K), 1 survivors (1024K)
 Metaspace       used 54624K, committed 55232K, reserved 1114112K
  class space    used 6671K, committed 6976K, reserved 1048576K
}
Event: 58943.738 GC heap after
{Heap after GC invocations=93 (full 0):
 garbage-first heap   total 54272K, used 26359K [0x0000000082200000, 0x0000000100000000)
  region size 1024K, 1 young (1024K), 1 survivors (1024K)
 Metaspace       used 54624K, committed 55232K, reserved 1114112K
  class space    used 6671K, committed 6976K, reserved 1048576K
}
Event: 58945.809 GC heap before
{Heap before GC invocations=93 (full 0):
 garbage-first heap   total 54272K, used 45815K [0x0000000082200000, 0x0000000100000000)
  region size 1024K, 20 young (20480K), 1 survivors (1024K)
 Metaspace       used 54624K, committed 55232K, reserved 1114112K
  class space    used 6671K, committed 6976K, reserved 1048576K
}
Event: 58945.815 GC heap after
{Heap after GC invocations=94 (full 0):
 garbage-first heap   total 54272K, used 26359K [0x0000000082200000, 0x0000000100000000)
  region size 1024K, 1 young (1024K), 1 survivors (1024K)
 Metaspace       used 54624K, committed 55232K, reserved 1114112K
  class space    used 6671K, committed 6976K, reserved 1048576K
}
Event: 58947.954 GC heap before
{Heap before GC invocations=94 (full 0):
 garbage-first heap   total 54272K, used 45815K [0x0000000082200000, 0x0000000100000000)
  region size 1024K, 20 young (20480K), 1 survivors (1024K)
 Metaspace       used 54624K, committed 55232K, reserved 1114112K
  class space    used 6671K, committed 6976K, reserved 1048576K
}
Event: 58947.957 GC heap after
{Heap after GC invocations=95 (full 0):
 garbage-first heap   total 54272K, used 26365K [0x0000000082200000, 0x0000000100000000)
  region size 1024K, 1 young (1024K), 1 survivors (1024K)
 Metaspace       used 54624K, committed 55232K, reserved 1114112K
  class space    used 6671K, committed 6976K, reserved 1048576K
}
Event: 58950.527 GC heap before
{Heap before GC invocations=95 (full 0):
 garbage-first heap   total 54272K, used 44797K [0x0000000082200000, 0x0000000100000000)
  region size 1024K, 20 young (20480K), 1 survivors (1024K)
 Metaspace       used 54625K, committed 55232K, reserved 1114112K
  class space    used 6671K, committed 6976K, reserved 1048576K
}
Event: 58950.533 GC heap after
{Heap after GC invocations=96 (full 0):
 garbage-first heap   total 54272K, used 26332K [0x0000000082200000, 0x0000000100000000)
  region size 1024K, 1 young (1024K), 1 survivors (1024K)
 Metaspace       used 54625K, committed 55232K, reserved 1114112K
  class space    used 6671K, committed 6976K, reserved 1048576K
}
Event: 58952.792 GC heap before
{Heap before GC invocations=96 (full 0):
 garbage-first heap   total 54272K, used 45788K [0x0000000082200000, 0x0000000100000000)
  region size 1024K, 20 young (20480K), 1 survivors (1024K)
 Metaspace       used 54625K, committed 55232K, reserved 1114112K
  class space    used 6671K, committed 6976K, reserved 1048576K
}
Event: 58952.794 GC heap after
{Heap after GC invocations=97 (full 0):
 garbage-first heap   total 54272K, used 26341K [0x0000000082200000, 0x0000000100000000)
  region size 1024K, 1 young (1024K), 1 survivors (1024K)
 Metaspace       used 54625K, committed 55232K, reserved 1114112K
  class space    used 6671K, committed 6976K, reserved 1048576K
}
Event: 58955.920 GC heap before
{Heap before GC invocations=97 (full 0):
 garbage-first heap   total 54272K, used 45797K [0x0000000082200000, 0x0000000100000000)
  region size 1024K, 20 young (20480K), 1 survivors (1024K)
 Metaspace       used 54625K, committed 55232K, reserved 1114112K
  class space    used 6671K, committed 6976K, reserved 1048576K
}
Event: 58955.921 GC heap after
{Heap after GC invocations=98 (full 0):
 garbage-first heap   total 54272K, used 26326K [0x0000000082200000, 0x0000000100000000)
  region size 1024K, 1 young (1024K), 1 survivors (1024K)
 Metaspace       used 54625K, committed 55232K, reserved 1114112K
  class space    used 6671K, committed 6976K, reserved 1048576K
}
Event: 58958.837 GC heap before
{Heap before GC invocations=98 (full 0):
 garbage-first heap   total 54272K, used 45782K [0x0000000082200000, 0x0000000100000000)
  region size 1024K, 20 young (20480K), 1 survivors (1024K)
 Metaspace       used 54625K, committed 55232K, reserved 1114112K
  class space    used 6671K, committed 6976K, reserved 1048576K
}
Event: 58958.839 GC heap after
{Heap after GC invocations=99 (full 0):
 garbage-first heap   total 54272K, used 26352K [0x0000000082200000, 0x0000000100000000)
  region size 1024K, 1 young (1024K), 1 survivors (1024K)
 Metaspace       used 54625K, committed 55232K, reserved 1114112K
  class space    used 6671K, committed 6976K, reserved 1048576K
}
Event: 58960.910 GC heap before
{Heap before GC invocations=99 (full 0):
 garbage-first heap   total 54272K, used 45808K [0x0000000082200000, 0x0000000100000000)
  region size 1024K, 20 young (20480K), 1 survivors (1024K)
 Metaspace       used 54625K, committed 55232K, reserved 1114112K
  class space    used 6671K, committed 6976K, reserved 1048576K
}
Event: 58960.911 GC heap after
{Heap after GC invocations=100 (full 0):
 garbage-first heap   total 54272K, used 26381K [0x0000000082200000, 0x0000000100000000)
  region size 1024K, 1 young (1024K), 1 survivors (1024K)
 Metaspace       used 54625K, committed 55232K, reserved 1114112K
  class space    used 6671K, committed 6976K, reserved 1048576K
}
Event: 58963.158 GC heap before
{Heap before GC invocations=100 (full 0):
 garbage-first heap   total 54272K, used 45837K [0x0000000082200000, 0x0000000100000000)
  region size 1024K, 20 young (20480K), 1 survivors (1024K)
 Metaspace       used 54625K, committed 55232K, reserved 1114112K
  class space    used 6671K, committed 6976K, reserved 1048576K
}
Event: 58963.159 GC heap after
{Heap after GC invocations=101 (full 0):
 garbage-first heap   total 54272K, used 26350K [0x0000000082200000, 0x0000000100000000)
  region size 1024K, 1 young (1024K), 1 survivors (1024K)
 Metaspace       used 54625K, committed 55232K, reserved 1114112K
  class space    used 6671K, committed 6976K, reserved 1048576K
}
Event: 58965.431 GC heap before
{Heap before GC invocations=101 (full 0):
 garbage-first heap   total 54272K, used 45806K [0x0000000082200000, 0x0000000100000000)
  region size 1024K, 20 young (20480K), 1 survivors (1024K)
 Metaspace       used 54625K, committed 55232K, reserved 1114112K
  class space    used 6671K, committed 6976K, reserved 1048576K
}
Event: 58965.432 GC heap after
{Heap after GC invocations=102 (full 0):
 garbage-first heap   total 54272K, used 26366K [0x0000000082200000, 0x0000000100000000)
  region size 1024K, 1 young (1024K), 1 survivors (1024K)
 Metaspace       used 54625K, committed 55232K, reserved 1114112K
  class space    used 6671K, committed 6976K, reserved 1048576K
}

